# JRE version: OpenJDK Runtime Environment Microsoft-8035246 (17.0.8+7) (build 17.0.8+7-LTS)
# Java VM: OpenJDK 64-Bit Server VM Microsoft-8035246 (17.0.8+7-LTS, mixed mode, sharing, tiered, compressed oops, compressed class ptrs, g1 gc, windows-amd64)
GC Precious Log:
 CPUs: 12 total, 12 available
 Memory: 15679M
 Large Page Support: Disabled
 NUMA Support: Disabled
 Compressed Oops: Enabled (32-bit)
 Heap Region Size: 1M
 Heap Min Capacity: 8M
 Heap Initial Capacity: 246M
 Heap Max Capacity: 2G
 Pre-touch: Disabled
 Parallel Workers: 10
 Concurrent Workers: 3
 Concurrent Refinement Workers: 10
 Periodic GC: Disabled
Heap:
 garbage-first heap   total 293888K, used 218272K [0x0000000080000000, 0x0000000100000000)
  region size 1024K, 50 young (51200K), 8 survivors (8192K)
 Metaspace       used 104175K, committed 105216K, reserved 557056K
  class space    used 14592K, committed 15104K, reserved 425984K
GC Heap History (20 events):
Event: 51.881 GC heap before
{Heap before GC invocations=55 (full 0):
 garbage-first heap   total 203776K, used 175736K [0x0000000080000000, 0x0000000100000000)
  region size 1024K, 23 young (23552K), 3 survivors (3072K)
 Metaspace       used 101789K, committed 102784K, reserved 557056K
  class space    used 14243K, committed 14720K, reserved 425984K
}
Event: 51.885 GC heap after
{Heap after GC invocations=56 (full 0):
 garbage-first heap   total 203776K, used 158296K [0x0000000080000000, 0x0000000100000000)
  region size 1024K, 3 young (3072K), 3 survivors (3072K)
 Metaspace       used 101789K, committed 102784K, reserved 557056K
  class space    used 14243K, committed 14720K, reserved 425984K
}
Event: 52.118 GC heap before
{Heap before GC invocations=56 (full 0):
 garbage-first heap   total 203776K, used 175704K [0x0000000080000000, 0x0000000100000000)
  region size 1024K, 20 young (20480K), 3 survivors (3072K)
 Metaspace       used 102078K, committed 103040K, reserved 557056K
  class space    used 14265K, committed 14720K, reserved 425984K
}
Event: 52.121 GC heap after
{Heap after GC invocations=57 (full 0):
 garbage-first heap   total 203776K, used 160506K [0x0000000080000000, 0x0000000100000000)
  region size 1024K, 3 young (3072K), 3 survivors (3072K)
 Metaspace       used 102078K, committed 103040K, reserved 557056K
  class space    used 14265K, committed 14720K, reserved 425984K
}
Event: 52.284 GC heap before
{Heap before GC invocations=57 (full 0):
 garbage-first heap   total 203776K, used 175866K [0x0000000080000000, 0x0000000100000000)
  region size 1024K, 18 young (18432K), 3 survivors (3072K)
 Metaspace       used 102152K, committed 103168K, reserved 557056K
  class space    used 14265K, committed 14720K, reserved 425984K
}
Event: 52.287 GC heap after
{Heap after GC invocations=58 (full 0):
 garbage-first heap   total 203776K, used 161945K [0x0000000080000000, 0x0000000100000000)
  region size 1024K, 2 young (2048K), 2 survivors (2048K)
 Metaspace       used 102152K, committed 103168K, reserved 557056K
  class space    used 14265K, committed 14720K, reserved 425984K
}
Event: 52.467 GC heap before
{Heap before GC invocations=58 (full 0):
 garbage-first heap   total 203776K, used 177305K [0x0000000080000000, 0x0000000100000000)
  region size 1024K, 17 young (17408K), 2 survivors (2048K)
 Metaspace       used 102303K, committed 103360K, reserved 557056K
  class space    used 14280K, committed 14784K, reserved 425984K
}
Event: 52.469 GC heap after
{Heap after GC invocations=59 (full 0):
 garbage-first heap   total 203776K, used 163517K [0x0000000080000000, 0x0000000100000000)
  region size 1024K, 3 young (3072K), 3 survivors (3072K)
 Metaspace       used 102303K, committed 103360K, reserved 557056K
  class space    used 14280K, committed 14784K, reserved 425984K
}
Event: 52.576 GC heap before
{Heap before GC invocations=59 (full 0):
 garbage-first heap   total 203776K, used 177853K [0x0000000080000000, 0x0000000100000000)
  region size 1024K, 17 young (17408K), 3 survivors (3072K)
 Metaspace       used 102519K, committed 103552K, reserved 557056K
  class space    used 14304K, committed 14784K, reserved 425984K
}
Event: 52.580 GC heap after
{Heap after GC invocations=60 (full 0):
 garbage-first heap   total 203776K, used 165364K [0x0000000080000000, 0x0000000100000000)
  region size 1024K, 2 young (2048K), 2 survivors (2048K)
 Metaspace       used 102519K, committed 103552K, reserved 557056K
  class space    used 14304K, committed 14784K, reserved 425984K
}
Event: 52.754 GC heap before
{Heap before GC invocations=60 (full 0):
 garbage-first heap   total 203776K, used 177652K [0x0000000080000000, 0x0000000100000000)
  region size 1024K, 14 young (14336K), 2 survivors (2048K)
 Metaspace       used 103164K, committed 104192K, reserved 557056K
  class space    used 14447K, committed 14912K, reserved 425984K
}
Event: 52.757 GC heap after
{Heap after GC invocations=61 (full 0):
 garbage-first heap   total 203776K, used 166851K [0x0000000080000000, 0x0000000100000000)
  region size 1024K, 2 young (2048K), 2 survivors (2048K)
 Metaspace       used 103164K, committed 104192K, reserved 557056K
  class space    used 14447K, committed 14912K, reserved 425984K
}
Event: 52.853 GC heap before
{Heap before GC invocations=61 (full 0):
 garbage-first heap   total 203776K, used 177091K [0x0000000080000000, 0x0000000100000000)
  region size 1024K, 13 young (13312K), 2 survivors (2048K)
 Metaspace       used 103477K, committed 104512K, reserved 557056K
  class space    used 14532K, committed 15040K, reserved 425984K
}
Event: 52.856 GC heap after
{Heap after GC invocations=62 (full 0):
 garbage-first heap   total 203776K, used 167429K [0x0000000080000000, 0x0000000100000000)
  region size 1024K, 1 young (1024K), 1 survivors (1024K)
 Metaspace       used 103477K, committed 104512K, reserved 557056K
  class space    used 14532K, committed 15040K, reserved 425984K
}
Event: 53.061 GC heap before
{Heap before GC invocations=63 (full 0):
 garbage-first heap   total 293888K, used 177669K [0x0000000080000000, 0x0000000100000000)
  region size 1024K, 12 young (12288K), 1 survivors (1024K)
 Metaspace       used 103601K, committed 104640K, reserved 557056K
  class space    used 14539K, committed 15040K, reserved 425984K
}
Event: 53.065 GC heap after
{Heap after GC invocations=64 (full 0):
 garbage-first heap   total 293888K, used 167755K [0x0000000080000000, 0x0000000100000000)
  region size 1024K, 1 young (1024K), 1 survivors (1024K)
 Metaspace       used 103601K, committed 104640K, reserved 557056K
  class space    used 14539K, committed 15040K, reserved 425984K
}
Event: 53.328 GC heap before
{Heap before GC invocations=64 (full 0):
 garbage-first heap   total 293888K, used 180043K [0x0000000080000000, 0x0000000100000000)
  region size 1024K, 14 young (14336K), 1 survivors (1024K)
 Metaspace       used 103705K, committed 104704K, reserved 557056K
  class space    used 14539K, committed 15040K, reserved 425984K
}
Event: 53.333 GC heap after
{Heap after GC invocations=65 (full 0):
 garbage-first heap   total 293888K, used 166861K [0x0000000080000000, 0x0000000100000000)
  region size 1024K, 2 young (2048K), 2 survivors (2048K)
 Metaspace       used 103705K, committed 104704K, reserved 557056K
  class space    used 14539K, committed 15040K, reserved 425984K
}
Event: 54.348 GC heap before
{Heap before GC invocations=65 (full 0):
 garbage-first heap   total 293888K, used 243661K [0x0000000080000000, 0x0000000100000000)
  region size 1024K, 78 young (79872K), 2 survivors (2048K)
 Metaspace       used 104130K, committed 105152K, reserved 557056K
  class space    used 14587K, committed 15040K, reserved 425984K
}
Event: 54.356 GC heap after
{Heap after GC invocations=66 (full 0):
 garbage-first heap   total 293888K, used 173216K [0x0000000080000000, 0x0000000100000000)
  region size 1024K, 8 young (8192K), 8 survivors (8192K)
 Metaspace       used 104130K, committed 105152K, reserved 557056K
  class space    used 14587K, committed 15040K, reserved 425984K
}

